[19:27:43] [INIT] KubeJS 2001.6.5-build.16; MC 2001 forge
[19:27:43] [INIT] Loaded plugins:
[19:27:43] [INIT] - dev.latvian.mods.kubejs.forge.BuiltinKubeJSForgePlugin
[19:27:43] [INIT] - dev.ftb.mods.ftbxmodcompat.ftbquests.kubejs.KubeJSIntegration
[19:27:43] [INIT] - dev.ftb.mods.ftbxmodcompat.ftbchunks.kubejs.FTBChunksKubeJSPlugin
[19:27:43] [INIT] - dev.ftb.mods.ftbxmodcompat.ftbteams.kubejs.FTBTeamsKubeJSPlugin
[19:27:43] [INIT] - com.bobvarioa.kubejsarsnouveau.KubeJSArsNouveauPlugin
[19:27:43] [INIT] - dev.latvian.mods.kubejs.create.KubeJSCreatePlugin
[19:27:43] [INIT] - com.almostreliable.lootjs.kube.LootJSPlugin
[19:27:43] [INFO] Loaded script server_scripts:loot_boss_money.js in 0.003 s
[19:27:43] [INFO] Loaded script server_scripts:misc_recipes.js in 0.018 s
[19:27:43] [INFO] Loaded script server_scripts:rightClicks.js in 0.003 s
[19:27:43] [INFO] Loaded script server_scripts:remove.js in 0.009 s
[19:27:43] [INFO] Loaded script server_scripts:alexs_caves.js in 0.002 s
[19:27:43] [INFO] Loaded script server_scripts:main.js in 0.049 s
[19:27:43] [INFO] Loaded script server_scripts:irons_and_spell_books.js in 0.001 s
[19:27:43] [INFO] Loaded script server_scripts:replacesUnity.js in 0.002 s
[19:27:43] [INFO] Loaded script server_scripts:ars_noveau.js in 0.0 s
[19:27:43] [INFO] Loaded script server_scripts:tags.js in 0.007 s
[19:27:43] [INFO] Loaded script server_scripts:loot.js in 0.007 s
[19:27:43] [INFO] Loaded 11/11 KubeJS server scripts in 0.137 s with 0 errors and 0 warnings
[19:27:43] [INFO] Scripts loaded
[19:27:43] [INFO] Initializing recipe event...
[19:27:49] [INFO] [minecraft:worldgen/biome] Found 852 tags, added 0 objects, removed 14 objects
[19:27:50] [INFO] [minecraft:entity_type] Found 202 tags, added 1228 objects, removed 19 objects
[19:27:50] [INFO] [minecraft:item] Found 2238 tags, added 1 objects, removed 0 objects
[19:27:51] [INFO] [minecraft:block] Found 1578 tags, added 13 objects, removed 0 objects
[19:28:04] [INFO] Processing recipes...
[19:28:04] [WARN] Failed to parse recipe 'tfmg:crafting/epic_party_light_bulb[minecraft:crafting_shaped]'! Falling back to vanilla: ItemStack 'result' can't be empty!
[19:28:04] [WARN] Failed to parse recipe 'deeperdarker:resonarium_hoe_smithing[minecraft:smithing_transform]'! Falling back to vanilla: Ingredient 'template' can't be empty!
[19:28:04] [WARN] Failed to parse recipe 'deeperdarker:resonarium_sword_smithing[minecraft:smithing_transform]'! Falling back to vanilla: Ingredient 'template' can't be empty!
[19:28:04] [WARN] Failed to parse recipe 'deeperdarker:resonarium_helmet_smithing[minecraft:smithing_transform]'! Falling back to vanilla: Ingredient 'template' can't be empty!
[19:28:04] [WARN] Failed to parse recipe 'tfmg:crafting/glass_cable_connector[minecraft:crafting_shaped]'! Falling back to vanilla: ItemStack 'result' can't be empty!
[19:28:04] [WARN] Failed to parse recipe 'create_things_and_misc:netheriteportablewithlecraft[minecraft:smithing_transform]'! Falling back to vanilla: Ingredient 'template' can't be empty!
[19:28:04] [WARN] Failed to parse recipe 'design_decor:stonecutting/metals/iron/screw[minecraft:stonecutting]'! Falling back to vanilla: ItemStack 'result' can't be empty!
[19:28:04] [WARN] Failed to parse recipe 'samurai_dynasty:mask_netherite_samurai_helmet[minecraft:crafting_shapeless]'! Falling back to vanilla: ItemStack 'result' can't be empty!
[19:28:04] [WARN] Failed to parse recipe 'create_things_and_misc:schematic_chair[minecraft:crafting_shaped]'! Falling back to vanilla: ItemStack 'result' can't be empty!
[19:28:04] [WARN] Failed to parse recipe 'tfmg:crafting/battery[minecraft:crafting_shaped]'! Falling back to vanilla: ItemStack 'result' can't be empty!
[19:28:04] [WARN] Failed to parse recipe 'incendium:upgrade_elytra[minecraft:smithing_transform]'! Falling back to vanilla: Ingredient 'template' can't be empty!
[19:28:04] [WARN] Failed to parse recipe 'deeperdarker:resonarium_pickaxe_smithing[minecraft:smithing_transform]'! Falling back to vanilla: Ingredient 'template' can't be empty!
[19:28:04] [WARN] Failed to parse recipe 'deeperdarker:resonarium_leggings_smithing[minecraft:smithing_transform]'! Falling back to vanilla: Ingredient 'template' can't be empty!
[19:28:04] [WARN] Failed to parse recipe 'samurai_dynasty:mask_straw_hat[minecraft:crafting_shapeless]'! Falling back to vanilla: ItemStack 'result' can't be empty!
[19:28:04] [WARN] Failed to parse recipe 'tfmg:crafting/cast_iron_distillation_output[minecraft:crafting_shaped]'! Falling back to vanilla: ItemStack 'result' can't be empty!
[19:28:04] [WARN] Failed to parse recipe 'tfmg:stonecutting/caution_block[minecraft:stonecutting]'! Falling back to vanilla: ItemStack 'result' can't be empty!
[19:28:04] [WARN] Failed to parse recipe 'deeperdarker:resonarium_chestplate_smithing[minecraft:smithing_transform]'! Falling back to vanilla: Ingredient 'template' can't be empty!
[19:28:04] [WARN] Failed to parse recipe 'deeperdarker:resonarium_shovel_smithing[minecraft:smithing_transform]'! Falling back to vanilla: Ingredient 'template' can't be empty!
[19:28:04] [WARN] Failed to parse recipe 'deeperdarker:resonarium_axe_smithing[minecraft:smithing_transform]'! Falling back to vanilla: Ingredient 'template' can't be empty!
[19:28:04] [WARN] Failed to parse recipe 'create_things_and_misc:copper_scaffolding_craft[minecraft:crafting_shaped]'! Falling back to vanilla: ItemStack 'result' can't be empty!
[19:28:04] [WARN] Failed to parse recipe 'samurai_dynasty:mask_amethyst_samurai_helmet[minecraft:crafting_shapeless]'! Falling back to vanilla: ItemStack 'result' can't be empty!
[19:28:04] [WARN] Failed to parse recipe 'design_decor:stonecutting/metals/iron/bolt[minecraft:stonecutting]'! Falling back to vanilla: ItemStack 'result' can't be empty!
[19:28:04] [WARN] Failed to parse recipe 'tfmg:mechanical_crafting/cast_iron_distillation_controller[create:mechanical_crafting]'! Falling back to vanilla: ItemStack 'result' can't be empty!
[19:28:04] [WARN] Failed to parse recipe 'deeperdarker:resonarium_boots_smithing[minecraft:smithing_transform]'! Falling back to vanilla: Ingredient 'template' can't be empty!
[19:28:04] [WARN] Failed to parse recipe 'samurai_dynasty:mask_quartz_samurai_helmet[minecraft:crafting_shapeless]'! Falling back to vanilla: ItemStack 'result' can't be empty!
[19:28:04] [WARN] Failed to parse recipe 'tfmg:crafting/welding_machine[minecraft:crafting_shaped]'! Falling back to vanilla: ItemStack 'result' can't be empty!
[19:28:04] [WARN] Failed to parse recipe 'tfmg:mechanical_crafting/pumpjack_hammer_holder[create:mechanical_crafting]'! Falling back to vanilla: ItemStack 'result' can't be empty!
[19:28:04] [WARN] Failed to parse recipe 'tfmg:stonecutting/caution_blocks/light_blue_caution_block[minecraft:stonecutting]'! Falling back to vanilla: ItemStack 'result' can't be empty!
[19:28:04] [WARN] Failed to parse recipe 'shieldexp:griefer_shield[minecraft:crafting_shaped]'! Falling back to vanilla: ItemStack 'result' can't be empty!
[19:28:04] [INFO] Found 20725 recipes in 447.6 ms
[19:28:06] [WARN] main.js#128: You don't need to call .ignoreNBT() anymore, all item ingredients ignore NBT by default!
[19:28:07] [INFO] main.js#43: Attempting to Create 1 compass to 1 speedometer from kubejs:andesite_machine
[19:28:07] [INFO] main.js#43: Attempting to Create 1 propeller to 1 encased_fan from kubejs:andesite_machine
[19:28:07] [INFO] main.js#43: Attempting to Create 1 iron_block to 1 mechanical_press from kubejs:andesite_machine
[19:28:07] [INFO] main.js#43: Attempting to Create 1 whisk to 1 mechanical_mixer from kubejs:andesite_machine
[19:28:07] [INFO] main.js#43: Attempting to Create 1 brass_hand to 1 deployer from kubejs:andesite_machine
[19:28:07] [INFO] main.js#43: Attempting to Create 1 diamond_block to 1 schematicannon from kubejs:andesite_machine
[19:28:07] [INFO] main.js#43: Attempting to Create 1 obsidian to 1 brake from kubejs:andesite_machine
[19:28:07] [INFO] main.js#43: Attempting to Create 1 iron_bars to 1 item_drain from kubejs:copper_machine
[19:28:07] [INFO] main.js#43: Attempting to Create 1 bucket to 1 spout from kubejs:copper_machine
[19:28:07] [INFO] main.js#43: Attempting to Create 1 copper_block to 1 copper_backtank from kubejs:copper_machine
[19:28:07] [INFO] main.js#43: Attempting to Create 1 sprinkler_head to 1 sprinkler from kubejs:copper_machine
[19:28:07] [INFO] main.js#43: Attempting to Create 1 slime_block to 1 sticky_launcher from kubejs:copper_machine
[19:28:07] [INFO] main.js#43: Attempting to Create 1 pyrope_gem to 1 copper_jetpack_chestplate from kubejs:copper_machine
[19:28:07] [INFO] main.js#43: Attempting to Create 1 emerald_block to 1 copper_exoskeleton_chestplate from kubejs:copper_machine
[19:28:07] [INFO] main.js#43: Attempting to Create 1 crafting_table to 3 mechanical_crafter from kubejs:brass_machine
[19:28:07] [INFO] main.js#43: Attempting to Create 1 glowstone_dust to 1 feral_flare_lantern from kubejs:brass_machine
[19:28:07] [INFO] main.js#43: Attempting to Create 1 crushing_wheel to 1 mechanical_roller from kubejs:brass_machine
[19:28:07] [INFO] main.js#43: Attempting to Create 1 speedometer to 1 centrifugal_clutch from kubejs:brass_machine
[19:28:08] [INFO] Posted recipe events in 3.563 s
[19:28:08] [WARN] Error parsing recipe tfmg:colored_concrete/full_block/brown_concrete_q[create:item_application]: {"type":"create:item_application","ingredients":[{"item":"tfmg:mesh_concrete"},{"item":"minecraft:brown_dye"}],"results":[{"item":"tfmg:brown_high_quality_concrete"}]}: Unknown item 'tfmg:mesh_concrete'
[19:28:08] [WARN] Error parsing recipe tfmg:colored_concrete/full_block/light_blue_concrete_q[create:item_application]: {"type":"create:item_application","ingredients":[{"item":"tfmg:mesh_concrete"},{"item":"minecraft:light_blue_dye"}],"results":[{"item":"tfmg:light_blue_high_quality_concrete"}]}: Unknown item 'tfmg:mesh_concrete'
[19:28:08] [WARN] Error parsing recipe tfmg:colored_concrete/full_block/lime_concrete_q[create:item_application]: {"type":"create:item_application","ingredients":[{"item":"tfmg:mesh_concrete"},{"item":"minecraft:lime_dye"}],"results":[{"item":"tfmg:lime_high_quality_concrete"}]}: Unknown item 'tfmg:mesh_concrete'
[19:28:08] [WARN] Error parsing recipe design_decor:item_application/millstones/special_aluminum_cylinder[create:item_application]: {"type":"create:item_application","ingredients":[{"item":"design_decor:aluminum_boiler"},{"item":"minecraft:pink_dye"}],"results":[{"item":"design_decor:aluminum_boiler_special"}]}: Unknown item 'design_decor:aluminum_boiler'
[19:28:08] [WARN] Error parsing recipe tfmg:colored_concrete/full_block/orange_concrete_q[create:item_application]: {"type":"create:item_application","ingredients":[{"item":"tfmg:mesh_concrete"},{"item":"minecraft:orange_dye"}],"results":[{"item":"tfmg:orange_high_quality_concrete"}]}: Unknown item 'tfmg:mesh_concrete'
[19:28:08] [WARN] Error parsing recipe tfmg:colored_concrete/full_block/red_concrete_q[create:item_application]: {"type":"create:item_application","ingredients":[{"item":"tfmg:mesh_concrete"},{"item":"minecraft:red_dye"}],"results":[{"item":"tfmg:red_high_quality_concrete"}]}: Unknown item 'tfmg:mesh_concrete'
[19:28:08] [WARN] Error parsing recipe forbidden_arcanus:edelwood_chest_boat[minecraft:crafting_shapeless]: {"type":"minecraft:crafting_shapeless","category":"misc","ingredients":[{"item":"forbidden_arcanus:edelwood_boat"},{"fabric_value":{"tag":"c:chests"},"forge_value":{"tag":"forge:chests/wooden"}}],"result":{"item":"forbidden_arcanus:edelwood_chest_boat"}}: An ingredient entry needs either a tag or an item
[19:28:08] [WARN] Error parsing recipe create_confectionery:ruby_chocolate_recipe_6[create:mixing]: {"group":"create_confectionery","type":"create:mixing","ingredients":[{"item":"create_confectionery:ruby_chocolate_brick_wall"}],"results":[{"fluid":"create_confectionery:ruby_chocolate","amount":1000}],"heatRequirement":"heated"}: Unknown item 'create_confectionery:ruby_chocolate_brick_wall'
[19:28:08] [WARN] Error parsing recipe tfmg:colored_concrete/full_block/blue_concrete_q[create:item_application]: {"type":"create:item_application","ingredients":[{"item":"tfmg:mesh_concrete"},{"item":"minecraft:blue_dye"}],"results":[{"item":"tfmg:blue_high_quality_concrete"}]}: Unknown item 'tfmg:mesh_concrete'
[19:28:08] [WARN] Error parsing recipe tfmg:colored_concrete/full_block/gray_concrete_q[create:item_application]: {"type":"create:item_application","ingredients":[{"item":"tfmg:mesh_concrete"},{"item":"minecraft:gray_dye"}],"results":[{"item":"tfmg:gray_high_quality_concrete"}]}: Unknown item 'tfmg:mesh_concrete'
[19:28:08] [WARN] Error parsing recipe tfmg:colored_concrete/full_block/magenta_concrete_q[create:item_application]: {"type":"create:item_application","ingredients":[{"item":"tfmg:mesh_concrete"},{"item":"minecraft:magenta_dye"}],"results":[{"item":"tfmg:magenta_high_quality_concrete"}]}: Unknown item 'tfmg:mesh_concrete'
[19:28:08] [WARN] Error parsing recipe tfmg:colored_concrete/full_block/green_concrete_q[create:item_application]: {"type":"create:item_application","ingredients":[{"item":"tfmg:mesh_concrete"},{"item":"minecraft:green_dye"}],"results":[{"item":"tfmg:green_high_quality_concrete"}]}: Unknown item 'tfmg:mesh_concrete'
[19:28:08] [WARN] Error parsing recipe tfmg:colored_concrete/full_block/pink_concrete_q[create:item_application]: {"type":"create:item_application","ingredients":[{"item":"tfmg:mesh_concrete"},{"item":"minecraft:pink_dye"}],"results":[{"item":"tfmg:pink_high_quality_concrete"}]}: Unknown item 'tfmg:mesh_concrete'
[19:28:08] [WARN] Error parsing recipe create_confectionery:chocolate_recipe_6[create:mixing]: {"group":"create_confectionery","type":"create:mixing","ingredients":[{"item":"create_confectionery:chocolate_bricks_wall"}],"results":[{"fluid":"create:chocolate","amount":1000}],"heatRequirement":"heated"}: Unknown item 'create_confectionery:chocolate_bricks_wall'
[19:28:08] [WARN] Error parsing recipe tfmg:colored_concrete/full_block/light_gray_concrete_q[create:item_application]: {"type":"create:item_application","ingredients":[{"item":"tfmg:mesh_concrete"},{"item":"minecraft:light_gray_dye"}],"results":[{"item":"tfmg:light_gray_high_quality_concrete"}]}: Unknown item 'tfmg:mesh_concrete'
[19:28:08] [WARN] Error parsing recipe design_decor:item_application/crushing_wheels/special_aluminum_cylinder[create:item_application]: {"type":"create:item_application","ingredients":[{"item":"design_decor:aluminum_boiler"},{"item":"minecraft:pink_dye"}],"results":[{"item":"design_decor:aluminum_boiler_special"}]}: Unknown item 'design_decor:aluminum_boiler'
[19:28:08] [WARN] Error parsing recipe forbidden_arcanus:aurum_chest_boat[minecraft:crafting_shapeless]: {"type":"minecraft:crafting_shapeless","category":"misc","ingredients":[{"item":"forbidden_arcanus:aurum_boat"},{"fabric_value":{"tag":"c:chests"},"forge_value":{"tag":"forge:chests/wooden"}}],"result":{"item":"forbidden_arcanus:aurum_chest_boat"}}: An ingredient entry needs either a tag or an item
[19:28:08] [WARN] Error parsing recipe create_confectionery:black_chocolate_recipe_6[create:mixing]: {"group":"create_confectionery","type":"create:mixing","ingredients":[{"item":"create_confectionery:black_chocolate_bricks_wall"}],"results":[{"fluid":"create_confectionery:black_chocolate","amount":1000}],"heatRequirement":"heated"}: Unknown item 'create_confectionery:black_chocolate_bricks_wall'
[19:28:08] [WARN] Error parsing recipe tfmg:colored_concrete/full_block/yellow_concrete_q[create:item_application]: {"type":"create:item_application","ingredients":[{"item":"tfmg:mesh_concrete"},{"item":"minecraft:yellow_dye"}],"results":[{"item":"tfmg:yellow_high_quality_concrete"}]}: Unknown item 'tfmg:mesh_concrete'
[19:28:08] [WARN] Error parsing recipe tfmg:colored_concrete/full_block/black_concrete_q[create:item_application]: {"type":"create:item_application","ingredients":[{"item":"tfmg:mesh_concrete"},{"item":"minecraft:black_dye"}],"results":[{"item":"tfmg:black_high_quality_concrete"}]}: Unknown item 'tfmg:mesh_concrete'
[19:28:08] [WARN] Error parsing recipe create_confectionery:white_chocolate_recipe_6[create:mixing]: {"group":"create_confectionery","type":"create:mixing","ingredients":[{"item":"create_confectionery:white_chocolate_bricks_wall"}],"results":[{"fluid":"create_confectionery:white_chocolate","amount":1000}],"heatRequirement":"heated"}: Unknown item 'create_confectionery:white_chocolate_bricks_wall'
[19:28:08] [WARN] Error parsing recipe tfmg:colored_concrete/full_block/cyan_concrete_q[create:item_application]: {"type":"create:item_application","ingredients":[{"item":"tfmg:mesh_concrete"},{"item":"minecraft:cyan_dye"}],"results":[{"item":"tfmg:cyan_high_quality_concrete"}]}: Unknown item 'tfmg:mesh_concrete'
[19:28:08] [WARN] Error parsing recipe tfmg:colored_concrete/full_block/purple_concrete_q[create:item_application]: {"type":"create:item_application","ingredients":[{"item":"tfmg:mesh_concrete"},{"item":"minecraft:purple_dye"}],"results":[{"item":"tfmg:purple_high_quality_concrete"}]}: Unknown item 'tfmg:mesh_concrete'
[19:28:08] [WARN] Error parsing recipe tfmg:colored_concrete/full_block/white_concrete_q[create:item_application]: {"type":"create:item_application","ingredients":[{"item":"tfmg:mesh_concrete"},{"item":"minecraft:white_dye"}],"results":[{"item":"tfmg:white_high_quality_concrete"}]}: Unknown item 'tfmg:mesh_concrete'
[19:28:08] [WARN] Error parsing recipe tfmg:colored_concrete/full_block/pink_concrete[create:item_application]: {"type":"create:item_application","ingredients":[{"item":"tfmg:mesh_concrete"},{"item":"minecraft:_dye"}],"results":[{"item":"tfmg:_concrete"}]}: Unknown item 'tfmg:mesh_concrete'
[19:28:08] [INFO] Added 442 recipes, removed 398 recipes, modified 414 recipes, with 25 failed recipes in 280.7 ms
[19:28:17] [INFO] Server resource reload complete!
