[29Jun2025 00:00:18.108] [Server thread/INFO] [net.minecraft.server.MinecraftServer/]: santydork has reached the goal [Fighting Nightmares]
[29Jun2025 00:00:20.255] [Server thread/INFO] [net.minecraft.server.MinecraftServer/]: Chrisus has made the advancement [Dark Metallurgy]
[29Jun2025 00:01:47.886] [Server thread/INFO] [net.minecraft.server.MinecraftServer/]: Chrisus has reached the goal [Fighting Nightmares]
[29Jun2025 00:02:02.451] [Server thread/INFO] [net.minecraft.world.entity.npc.Villager/]: Villager Villager['Marisa'/30824, l='ServerLevel[world]', x=-458.81, y=63.00, z=2329.94] died, message: 'Marisa was slain by Zombie'
[29Jun2025 00:02:02.452] [Server thread/INFO] [net.minecraft.world.entity.LivingEntity/]: Named entity Villager['Marisa'/30824, l='ServerLevel[world]', x=-458.81, y=63.00, z=2329.94] died: Marisa was vanquished by Zombie
[29Jun2025 00:03:45.786] [Server thread/INFO] [net.minecraft.server.MinecraftServer/]: Chrisus has made the advancement [The Wind Darkening]
[29Jun2025 00:04:38.484] [Server thread/INFO] [net.minecraft.server.MinecraftServer/]: Chrisus has made the advancement [Junior Summoner]
[29Jun2025 00:05:06.110] [Server thread/INFO] [net.minecraft.server.MinecraftServer/]: santydork has made the advancement [The Wind Darkening]
[29Jun2025 00:05:26.131] [Server thread/INFO] [net.minecraft.server.MinecraftServer/]: Chrisus has made the advancement [Good Demoman]
[29Jun2025 00:07:32.915] [Server thread/INFO] [net.minecraft.server.MinecraftServer/]: [santydork: Teleported santydork to Chrisus]
[29Jun2025 00:10:28.207] [Server thread/ERROR] [net.minecraft.Util/]: POI data mismatch: already registered at BlockPos{x=-106, y=-16, z=2319}
[29Jun2025 00:14:48.067] [Server thread/ERROR] [net.minecraft.Util/]: POI data mismatch: already registered at BlockPos{x=-200, y=-33, z=2057}
[29Jun2025 00:14:48.067] [Server thread/ERROR] [net.minecraft.Util/]: POI data mismatch: already registered at BlockPos{x=-200, y=-33, z=2056}
[29Jun2025 00:19:19.654] [Server thread/INFO] [net.minecraft.world.entity.npc.Villager/]: Villager Villager['Jake'/41691, l='ServerLevel[world]', x=-383.54, y=66.00, z=2412.30] died, message: 'Jake discovered the floor was lava'
[29Jun2025 00:19:19.655] [Server thread/INFO] [net.minecraft.world.entity.LivingEntity/]: Named entity Villager['Jake'/41691, l='ServerLevel[world]', x=-383.54, y=66.00, z=2412.30] died: Jake discovered the floor was lava
[29Jun2025 00:19:40.906] [Server thread/INFO] [net.minecraft.server.MinecraftServer/]: santydork has reached the goal [Big Boy]
[29Jun2025 00:22:09.772] [Server thread/INFO] [net.minecraft.server.MinecraftServer/]: Chrisus has made the advancement [Dark Forging]
[29Jun2025 00:22:39.239] [Server thread/INFO] [net.minecraft.server.MinecraftServer/]: [Not Secure] [Server] holaa
[29Jun2025 00:23:31.712] [Server thread/INFO] [net.minecraft.server.MinecraftServer/]: Chrisus has reached the goal [Dark Blacksmith]
[29Jun2025 00:26:01.216] [Server thread/ERROR] [net.minecraft.Util/]: POI data mismatch: already registered at BlockPos{x=-698, y=34, z=1993}
[29Jun2025 00:26:27.575] [Server thread/INFO] [net.minecraft.server.MinecraftServer/]: [Chrisus: Gave 1 [Waystone] to Chrisus]
[29Jun2025 00:28:38.882] [Worker-Main-4/WARN] [net.minecraft.server.level.WorldGenRegion/]: Tried to access a block entity before it was created. BlockPos{x=-736, y=20, z=2146}
[29Jun2025 00:29:09.059] [Server thread/INFO] [net.minecraft.server.MinecraftServer/]: Chrisus has completed the challenge [Pillager Fortress]
[29Jun2025 00:30:43.457] [Server thread/INFO] [net.minecraft.server.MinecraftServer/]: Chrisus has made the advancement [How the Turn Tables]
[29Jun2025 00:34:00.108] [Server thread/INFO] [net.minecraft.server.MinecraftServer/]: santydork has made the advancement [How the Turn Tables]
[29Jun2025 00:35:02.355] [Server thread/INFO] [net.minecraft.world.entity.npc.Villager/]: Villager Villager['Julian'/43865, l='ServerLevel[world]', x=-555.80, y=64.00, z=2123.04] died, message: 'Julian was slain by Zombie Lumberjack'
[29Jun2025 00:35:02.356] [Server thread/INFO] [net.minecraft.world.entity.LivingEntity/]: Named entity Villager['Julian'/43865, l='ServerLevel[world]', x=-555.80, y=64.00, z=2123.04] died: Julian was done in by Zombie Lumberjack
[29Jun2025 00:35:54.484] [Server thread/ERROR] [noobanidus.mods.lootr.api.LootrAPI/]: Unable to fill loot chest in minecraft:overworld at BlockPos{x=-546, y=88, z=2142} as the loot table 'idas:chests/idasbasic' couldn't be resolved! Please search the loot table in `latest.log` to see if there are errors in loading.
[29Jun2025 00:36:22.659] [Server thread/ERROR] [noobanidus.mods.lootr.api.LootrAPI/]: Unable to fill loot chest in minecraft:overworld at BlockPos{x=-546, y=88, z=2142} as the loot table 'idas:chests/idasbasic' couldn't be resolved! Please search the loot table in `latest.log` to see if there are errors in loading.
[29Jun2025 00:36:52.678] [Server thread/INFO] [net.minecraft.server.MinecraftServer/]: Chrisus has made the advancement [Penteconter]
[29Jun2025 00:38:16.136] [Server thread/INFO] [net.minecraft.server.MinecraftServer/]: Chrisus has made the advancement [Voluntary Exile]
[29Jun2025 00:39:31.537] [Server thread/INFO] [net.minecraft.world.entity.LivingEntity/]: Named entity Ravager['Brad'/43840, l='ServerLevel[world]', x=-547.73, y=93.72, z=2160.02] died: Brad was ended by Chrisus
[29Jun2025 00:39:33.526] [Server thread/INFO] [net.minecraft.world.entity.LivingEntity/]: Named entity Ravager['Brad'/43843, l='ServerLevel[world]', x=-547.75, y=93.75, z=2160.02] died: Brad was slain by Chrisus
[29Jun2025 00:39:48.280] [Server thread/INFO] [net.minecraft.server.MinecraftServer/]: Chrisus has made the advancement [Pic-A-Nic Basket?]
[29Jun2025 00:39:51.297] [Server thread/INFO] [net.minecraft.world.entity.LivingEntity/]: Named entity EntityKomodoDragon['Sally'/43817, l='ServerLevel[world]', x=-541.05, y=93.00, z=2148.05] died: Sally suffocated in a wall
[29Jun2025 00:39:51.835] [Server thread/INFO] [net.minecraft.world.entity.LivingEntity/]: Named entity Zoglin['Pumbaa'/44484, l='ServerLevel[world]', x=-560.26, y=93.00, z=2142.74] died: Pumbaa's life was extinguished by santydork
[29Jun2025 00:39:57.907] [Server thread/INFO] [net.minecraft.world.entity.LivingEntity/]: Named entity Zoglin['Pumbaa'/44485, l='ServerLevel[world]', x=-561.52, y=93.00, z=2147.06] died: Pumbaa was slain by santydork
[29Jun2025 00:40:02.006] [Server thread/ERROR] [noobanidus.mods.lootr.api.LootrAPI/]: Unable to fill loot chest in minecraft:overworld at BlockPos{x=-554, y=93, z=2146} as the loot table 'idas:chests/pillagerjail' couldn't be resolved! Please search the loot table in `latest.log` to see if there are errors in loading.
[29Jun2025 00:40:08.356] [Server thread/INFO] [net.minecraft.world.entity.LivingEntity/]: Named entity Zoglin['Pumbaa'/44483, l='ServerLevel[world]', x=-560.26, y=93.00, z=2142.74] died: Pumbaa got pwned by santydork
[29Jun2025 00:41:14.687] [Server thread/INFO] [net.minecraft.world.entity.LivingEntity/]: Named entity Zoglin['Pumbaa'/43887, l='ServerLevel[world]', x=-559.26, y=94.25, z=2141.86] died: Pumbaa was executed by santydork
[29Jun2025 00:43:27.686] [Server thread/INFO] [net.minecraft.world.entity.LivingEntity/]: Named entity EntityDropBear['Brian'/43790, l='ServerLevel[world]', x=-530.80, y=93.00, z=2160.68] died: Brian got pwned by santydork
[29Jun2025 00:43:30.384] [Server thread/INFO] [net.minecraft.world.entity.LivingEntity/]: Named entity EntityDropBear['Brian'/43814, l='ServerLevel[world]', x=-528.82, y=95.00, z=2159.68] died: Brian got pwned by santydork
[29Jun2025 00:44:44.435] [Server thread/INFO] [net.minecraft.server.MinecraftServer/]: [santydork: Teleported santydork to Chrisus]
[29Jun2025 00:46:10.884] [Server thread/WARN] [net.minecraft.server.network.ServerGamePacketListenerImpl/]: santydork moved wrongly!
[29Jun2025 00:46:11.204] [Server thread/WARN] [net.minecraft.server.network.ServerGamePacketListenerImpl/]: santydork moved wrongly!
[29Jun2025 00:50:00.911] [Server thread/INFO] [net.minecraft.server.MinecraftServer/]: [Chrisus: Teleported Chrisus to santydork]
[29Jun2025 00:50:50.902] [Server thread/INFO] [net.minecraft.world.entity.npc.Villager/]: Villager Villager['Issac'/43875, l='ServerLevel[world]', x=-535.30, y=93.19, z=2143.14] died, message: 'Issac was shot by Pillager'
[29Jun2025 00:50:50.903] [Server thread/INFO] [net.minecraft.world.entity.LivingEntity/]: Named entity Villager['Issac'/43875, l='ServerLevel[world]', x=-535.30, y=93.19, z=2143.14] died: Issac was shot by Pillager
[29Jun2025 00:52:25.084] [Server thread/ERROR] [noobanidus.mods.lootr.api.LootrAPI/]: Unable to fill loot chest in minecraft:overworld at BlockPos{x=-554, y=93, z=2146} as the loot table 'idas:chests/pillagerjail' couldn't be resolved! Please search the loot table in `latest.log` to see if there are errors in loading.
[29Jun2025 00:52:33.184] [Server thread/INFO] [net.minecraft.world.entity.LivingEntity/]: Named entity Zoglin['Pumbaa'/43889, l='ServerLevel[world]', x=-560.26, y=93.00, z=2141.90] died: Pumbaa was ended by Chrisus
[29Jun2025 00:52:42.672] [Server thread/INFO] [net.minecraft.server.MinecraftServer/]: Chrisus has made the advancement [Diamonds!]
[29Jun2025 00:56:26.061] [Server thread/INFO] [net.minecraft.server.MinecraftServer/]: [Chrisus: Teleported Chrisus to santydork]
[29Jun2025 00:57:05.785] [Server thread/INFO] [net.minecraft.server.MinecraftServer/]: [santydork: Teleported santydork to Chrisus]
[29Jun2025 00:58:23.222] [Server thread/INFO] [net.minecraft.server.MinecraftServer/]: [Not Secure] [Server] kajak
[29Jun2025 01:01:22.760] [Server thread/INFO] [net.minecraft.server.MinecraftServer/]: [Not Secure] [Server] hh
[29Jun2025 01:03:15.056] [Server thread/INFO] [net.minecraft.server.MinecraftServer/]: [Chrisus: Teleported Chrisus to santydork]
[29Jun2025 01:03:33.624] [Server thread/INFO] [net.minecraft.server.MinecraftServer/]: [Chrisus: Teleported Chrisus to santydork]
[29Jun2025 01:04:28.805] [Server thread/INFO] [net.minecraft.server.MinecraftServer/]: Chrisus has made the advancement [Fallen Sorcerer]
[29Jun2025 01:05:40.433] [Server thread/INFO] [net.minecraft.server.MinecraftServer/]: Chrisus has made the advancement [Hunt and Gather]
[29Jun2025 01:06:32.602] [Server thread/WARN] [net.minecraft.server.network.ServerGamePacketListenerImpl/]: Chrisus was kicked for floating too long!
[29Jun2025 01:06:32.656] [Server thread/INFO] [net.minecraft.server.network.ServerGamePacketListenerImpl/]: Chrisus lost connection: Flying is not enabled on this server
[29Jun2025 01:06:32.656] [Server thread/INFO] [net.minecraft.server.MinecraftServer/]: Chrisus left the game
[29Jun2025 01:06:47.952] [Server thread/INFO] [net.minecraft.server.players.PlayerList/]: Chrisus[/127.10.16.40:34423] logged in with entity id 55910 at (-536.9562227801459, 65.64582392761547, 2118.4365952943526)
[29Jun2025 01:06:47.954] [Server thread/INFO] [ModdingLegacy/blue_skies/]: Sending ToolHandleTypeManager to Chrisus
[29Jun2025 01:06:47.954] [Server thread/INFO] [ModdingLegacy/blue_skies/]: Sending SnowcapOvenFreezingManager to Chrisus
[29Jun2025 01:06:47.955] [Server thread/INFO] [ModdingLegacy/blue_skies/]: Sending HorizoniteForgeFuelManager to Chrisus
[29Jun2025 01:06:47.955] [Server thread/INFO] [ModdingLegacy/blue_skies/]: Sending AlchemyRecipeManager to Chrisus
[29Jun2025 01:06:47.956] [Server thread/INFO] [ModdingLegacy/blue_skies/]: Sending JournalEntryManager to Chrisus
[29Jun2025 01:06:47.958] [Server thread/INFO] [ModdingLegacy/blue_skies/]: Sending JournalSectionManager to Chrisus
[29Jun2025 01:06:47.958] [Server thread/INFO] [ModdingLegacy/blue_skies/]: Sending JournalRequirementManager to Chrisus
[29Jun2025 01:06:48.003] [Server thread/INFO] [net.minecraft.server.MinecraftServer/]: Chrisus joined the game
[29Jun2025 01:06:48.096] [Server thread/INFO] [Jade/]: Syncing config to Chrisus (f89a8ee5-4a63-3fb6-bf8c-20937d2813b9)
[29Jun2025 01:06:48.756] [Server thread/INFO] [ping-wheel/]: Channel update: Chrisus -> default
[29Jun2025 01:12:58.218] [Server thread/INFO] [net.minecraft.server.MinecraftServer/]: Unknown or incomplete command, see below for error
[29Jun2025 01:12:58.218] [Server thread/INFO] [net.minecraft.server.MinecraftServer/]: y lalal<--[HERE]
[29Jun2025 01:12:59.271] [Server thread/INFO] [net.minecraft.server.MinecraftServer/]: [Not Secure] [Server] lalal
[29Jun2025 01:19:51.112] [Server thread/INFO] [net.minecraft.server.MinecraftServer/]: [santydork: Teleported santydork to Chrisus]
